<?xml version="1.0" encoding="UTF-8"?>
<!-- Generated by org.testng.reporters.JUnitReportReporter -->
<testsuite skipped="0" hostname="Kamal" name="testCases.BookFlightTest" tests="2" failures="0" timestamp="2019-11-20T08:29:12 PST" time="27.858" errors="0">
  <testcase name="setFlightData" time="5.726" classname="testCases.BookFlightTest"/>
  <testcase name="ReturnDate" time="22.132" classname="testCases.BookFlightTest"/>
</testsuite> <!-- testCases.BookFlightTest -->
