<?xml version="1.0" encoding="UTF-8"?>
<!-- Generated by org.testng.reporters.JUnitReportReporter -->
<testsuite skipped="0" hostname="Kamal" name="testCases.WindowHandles" tests="2" failures="0" timestamp="2019-11-19T13:31:00 PST" time="7.467" errors="0">
  <testcase name="tabWindwsOpen" time="6.246" classname="testCases.WindowHandles"/>
  <testcase name="WindowsHandle" time="1.221" classname="testCases.WindowHandles"/>
</testsuite> <!-- testCases.WindowHandles -->
