<?xml version="1.0" encoding="UTF-8"?>
<!-- Generated by org.testng.reporters.JUnitReportReporter -->
<testsuite skipped="0" hostname="Kamal" name="testCases.AlertMenuTest" tests="2" failures="0" timestamp="2019-11-23T08:00:27 PST" time="7.058" errors="0">
  <testcase name="clickMenuItem" time="3.407" classname="testCases.AlertMenuTest"/>
  <testcase name="doubleFormClick" time="3.651" classname="testCases.AlertMenuTest"/>
</testsuite> <!-- testCases.AlertMenuTest -->
