<?xml version="1.0" encoding="UTF-8"?>
<!-- Generated by org.testng.reporters.JUnitReportReporter -->
<testsuite skipped="0" hostname="Kamal" name="testCases.LandingpageTest" tests="2" failures="0" timestamp="2019-11-23T08:00:27 PST" time="6.943" errors="0">
  <testcase name="landingPage" time="6.889" classname="testCases.LandingpageTest"/>
  <testcase name="validation" time="0.054" classname="testCases.LandingpageTest"/>
</testsuite> <!-- testCases.LandingpageTest -->
