<?xml version="1.0" encoding="UTF-8"?>
<!-- Generated by org.testng.reporters.JUnitReportReporter -->
<testsuite skipped="0" hostname="Kamal" name="testCases.BoostMobileLoginTest" tests="2" failures="0" timestamp="2019-11-23T08:00:27 PST" time="20.159" errors="0">
  <testcase name="UserLoginInformation" time="7.471" classname="testCases.BoostMobileLoginTest"/>
  <testcase name="UserLoginInformation" time="12.688" classname="testCases.BoostMobileLoginTest"/>
</testsuite> <!-- testCases.BoostMobileLoginTest -->
