<?xml version="1.0" encoding="UTF-8"?>
<!-- Generated by org.testng.reporters.JUnitReportReporter -->
<testsuite skipped="0" hostname="Kamal" name="testCases.DragAndDropTest" tests="1" failures="0" timestamp="2019-11-23T08:00:27 PST" time="4.956" errors="0">
  <testcase name="DrapAndDrop" time="4.956" classname="testCases.DragAndDropTest"/>
</testsuite> <!-- testCases.DragAndDropTest -->
