<?xml version="1.0" encoding="UTF-8"?>
<!-- Generated by org.testng.reporters.JUnitReportReporter -->
<testsuite skipped="0" hostname="Kamal" name="testCases.DropDownList" tests="1" failures="0" timestamp="2019-11-18T09:15:49 PST" time="6.888" errors="0">
  <testcase name="dropdown" time="6.888" classname="testCases.DropDownList"/>
</testsuite> <!-- testCases.DropDownList -->
