<?xml version="1.0" encoding="UTF-8"?>
<!-- Generated by org.testng.reporters.JUnitReportReporter -->
<testsuite skipped="0" hostname="Kamal" name="testCases.LandingpageTest" tests="2" failures="0" timestamp="2019-11-23T08:16:05 PST" time="16.582" errors="0">
  <testcase name="validation" time="0.037" classname="testCases.LandingpageTest"/>
  <testcase name="landingPage" time="16.545" classname="testCases.LandingpageTest"/>
</testsuite> <!-- testCases.LandingpageTest -->
