<?xml version="1.0" encoding="UTF-8"?>
<!-- Generated by org.testng.reporters.JUnitReportReporter -->
<testsuite skipped="0" hostname="Kamal" name="testCases.JavaScriptAlertTest" tests="3" failures="0" timestamp="2019-11-23T08:16:05 PST" time="5.693" errors="0">
  <testcase name="AlertBox" time="1.166" classname="testCases.JavaScriptAlertTest"/>
  <testcase name="AlerMessage" time="3.354" classname="testCases.JavaScriptAlertTest"/>
  <testcase name="ConfirmBox" time="1.173" classname="testCases.JavaScriptAlertTest"/>
</testsuite> <!-- testCases.JavaScriptAlertTest -->
