<?xml version="1.0" encoding="UTF-8"?>
<!-- Generated by org.testng.reporters.JUnitReportReporter -->
<testsuite skipped="0" hostname="Kamal" name="testCases.FileDownloadTest" tests="1" failures="0" timestamp="2019-11-23T08:16:05 PST" time="4.129" errors="0">
  <testcase name="DownloadFile" time="4.129" classname="testCases.FileDownloadTest"/>
</testsuite> <!-- testCases.FileDownloadTest -->
