<?xml version="1.0" encoding="UTF-8"?>
<!-- Generated by org.testng.reporters.JUnitReportReporter -->
<testsuite skipped="0" hostname="Kamal" name="testCases.AlertMenuTest" tests="2" failures="0" timestamp="2019-11-23T08:16:05 PST" time="7.772" errors="0">
  <testcase name="clickMenuItem" time="4.101" classname="testCases.AlertMenuTest"/>
  <testcase name="doubleFormClick" time="3.671" classname="testCases.AlertMenuTest"/>
</testsuite> <!-- testCases.AlertMenuTest -->
